<?xml version="1.0" encoding="UTF-8"?>
<!-- Generated by org.testng.reporters.JUnitReportReporter -->
<testsuite hostname="LPT-1031" failures="0" tests="2" name="TestCase.LoginTestcase" time="61.602" errors="0" timestamp="2022-01-20T14:00:06 IST" skipped="0">
  <testcase classname="TestCase.LoginTestcase" name="urlWindow" time="43.759"/>
  <system-out/>
  <testcase classname="TestCase.LoginTestcase" name="loginWindow" time="17.843"/>
  <system-out/>
</testsuite> <!-- TestCase.LoginTestcase -->
